<?xml version="1.0" encoding="UTF-8" ?>
<testsuite failures="4" time="98.24" errors="0" skipped="0" tests="4" name="TestSuite">
  <properties>
[...]
</properties>
  <testcase time="7.066" classname="com.inmobi.qa.firefly.tests.SeleniumTest" name="verifySelenium">
    <failure message="Element name:Email not found" type="com.thoughtworks.selenium.SeleniumException">com.thoughtworks.selenium.SeleniumException: Element name:Email not found
	at org.openqa.selenium.internal.seleniumemulation.ElementFinder.findElement(ElementFinder.java:92)
	at org.openqa.selenium.internal.seleniumemulation.Type.handleSeleneseCommand(Type.java:55)
	at org.openqa.selenium.internal.seleniumemulation.Type.handleSeleneseCommand(Type.java:27)
	at org.openqa.selenium.internal.seleniumemulation.SeleneseCommand.apply(SeleneseCommand.java:38)
	at org.openqa.selenium.internal.seleniumemulation.Timer.run(Timer.java:40)
	at org.openqa.selenium.WebDriverCommandProcessor.execute(WebDriverCommandProcessor.java:140)
	at org.openqa.selenium.WebDriverCommandProcessor.doCommand(WebDriverCommandProcessor.java:70)
	at com.thoughtworks.selenium.DefaultSelenium.type(DefaultSelenium.java:317)
	at com.inmobi.qa.firefly.tests.SeleniumTest.verifySelenium(SeleniumTest.java:29)
Caused by: org.openqa.selenium.WebDriverException: Element name:Email not found
Command duration or timeout: 1.59 seconds
Build info: version: &apos;2.35.0&apos;, revision: &apos;8df0c6bedf70ff9f22c647788f9fe9c8d22210e2&apos;, time: &apos;2013-08-17 12:46:41&apos;
System info: os.name: &apos;Mac OS X&apos;, os.arch: &apos;x86_64&apos;, os.version: &apos;10.9&apos;, java.version: &apos;1.6.0_65&apos;
Session ID: 49008d19-6c97-b749-a0ff-7edc64a66533
Driver info: org.openqa.selenium.firefox.FirefoxDriver
Capabilities [{platform=MAC, acceptSslCerts=true, javascriptEnabled=true, browserName=firefox, rotatable=false, locationContextEnabled=true, version=24.0, cssSelectorsEnabled=true, databaseEnabled=true, handlesAlerts=true, browserConnectionEnabled=true, nativeEvents=false, webStorageEnabled=true, applicationCacheEnabled=true, takesScreenshot=true}]
	at sun.reflect.NativeConstructorAccessorImpl.newInstance0(Native Method)
	at sun.reflect.NativeConstructorAccessorImpl.newInstance(NativeConstructorAccessorImpl.java:39)
	at sun.reflect.DelegatingConstructorAccessorImpl.newInstance(DelegatingConstructorAccessorImpl.java:27)
	at java.lang.reflect.Constructor.newInstance(Constructor.java:513)
	at org.openqa.selenium.remote.ErrorHandler.createThrowable(ErrorHandler.java:191)
	at org.openqa.selenium.remote.ErrorHandler.throwIfResponseFailed(ErrorHandler.java:145)
	at org.openqa.selenium.remote.RemoteWebDriver.execute(RemoteWebDriver.java:554)
	at org.openqa.selenium.remote.RemoteWebDriver.executeScript(RemoteWebDriver.java:463)
	at org.openqa.selenium.internal.seleniumemulation.ElementFinder.findElement(ElementFinder.java:90)
	... 21 more
Caused by: org.openqa.selenium.remote.ErrorHandler$UnknownServerException: Element name:Email not found
Build info: version: &apos;2.35.0&apos;, revision: &apos;8df0c6bedf70ff9f22c647788f9fe9c8d22210e2&apos;, time: &apos;2013-08-17 12:46:41&apos;
System info: os.name: &apos;Mac OS X&apos;, os.arch: &apos;x86_64&apos;, os.version: &apos;10.9&apos;, java.version: &apos;1.6.0_65&apos;
Driver info: driver.version: unknown
	at &lt;anonymous class&gt;.ja(https://accounts.google.com/ServiceLogin?service=mail&amp;continue=https://mail.google.com/mail/&amp;hl=en:64)
	at &lt;anonymous class&gt;.ka(https://accounts.google.com/ServiceLogin?service=mail&amp;continue=https://mail.google.com/mail/&amp;hl=en:64)
	at &lt;anonymous class&gt;.Pd(https://accounts.google.com/ServiceLogin?service=mail&amp;continue=https://mail.google.com/mail/&amp;hl=en:157)
	at &lt;anonymous class&gt;.&lt;anonymous method&gt;(https://accounts.google.com/ServiceLogin?service=mail&amp;continue=https://mail.google.com/mail/&amp;hl=en:158)
	at &lt;anonymous class&gt;.&lt;anonymous method&gt;(https://accounts.google.com/ServiceLogin?service=mail&amp;continue=https://mail.google.com/mail/&amp;hl=en:158)
	at &lt;anonymous class&gt;.&lt;anonymous method&gt;(https://accounts.google.com/ServiceLogin?service=mail&amp;continue=https://mail.google.com/mail/&amp;hl=en:159)
	at &lt;anonymous class&gt;.anonymous(https://accounts.google.com/ServiceLogin?service=mail&amp;continue=https://mail.google.com/mail/&amp;hl=en:159)
	at &lt;anonymous class&gt;.handleEvaluateEvent(https://accounts.google.com/ServiceLogin?service=mail&amp;continue=https://mail.google.com/mail/&amp;hl=en:60)
</failure>
    <system-out>01:58:24.435 [pool-2-thread-1] INFO  c.i.qa.firefly.aspects.StepLogger - Step: com.inmobi.qa.firefly.tests.SeleniumTest	verifySelenium	2013-11-28 01:58:24.435	com.thoughtworks.selenium.DefaultSelenium	type	On: [name:Email]	With: inmobiqa@gmail.com
</system-out>
  </testcase>
  <testcase time="0.62" classname="com.inmobi.qa.firefly.tests.WebDriverTest" name="verifyWebDriver">
    <failure message="Unable to locate element: {&quot;method&quot;:&quot;name&quot;,&quot;selector&quot;:&quot;Email&quot;}
Command duration or timeout: 437 milliseconds
For documentation on this error, please visit: http://seleniumhq.org/exceptions/no_such_element.html
Build info: version: &apos;2.35.0&apos;, revision: &apos;8df0c6bedf70ff9f22c647788f9fe9c8d22210e2&apos;, time: &apos;2013-08-17 12:46:41&apos;
System info: os.name: &apos;Mac OS X&apos;, os.arch: &apos;x86_64&apos;, os.version: &apos;10.9&apos;, java.version: &apos;1.6.0_65&apos;
Session ID: 40244b4c-efa8-5944-9079-bb9955601ec9
Driver info: org.openqa.selenium.firefox.FirefoxDriver
Capabilities [{platform=MAC, acceptSslCerts=true, javascriptEnabled=true, browserName=firefox, rotatable=false, locationContextEnabled=true, version=24.0, cssSelectorsEnabled=true, databaseEnabled=true, handlesAlerts=true, browserConnectionEnabled=true, nativeEvents=false, webStorageEnabled=true, applicationCacheEnabled=true, takesScreenshot=true}]" type="org.openqa.selenium.NoSuchElementException">org.openqa.selenium.NoSuchElementException: Unable to locate element: {&quot;method&quot;:&quot;name&quot;,&quot;selector&quot;:&quot;Email&quot;}
Command duration or timeout: 437 milliseconds
For documentation on this error, please visit: http://seleniumhq.org/exceptions/no_such_element.html
Build info: version: &apos;2.35.0&apos;, revision: &apos;8df0c6bedf70ff9f22c647788f9fe9c8d22210e2&apos;, time: &apos;2013-08-17 12:46:41&apos;
System info: os.name: &apos;Mac OS X&apos;, os.arch: &apos;x86_64&apos;, os.version: &apos;10.9&apos;, java.version: &apos;1.6.0_65&apos;
Session ID: 40244b4c-efa8-5944-9079-bb9955601ec9
Driver info: org.openqa.selenium.firefox.FirefoxDriver
Capabilities [{platform=MAC, acceptSslCerts=true, javascriptEnabled=true, browserName=firefox, rotatable=false, locationContextEnabled=true, version=24.0, cssSelectorsEnabled=true, databaseEnabled=true, handlesAlerts=true, browserConnectionEnabled=true, nativeEvents=false, webStorageEnabled=true, applicationCacheEnabled=true, takesScreenshot=true}]
	at sun.reflect.NativeConstructorAccessorImpl.newInstance0(Native Method)
	at sun.reflect.NativeConstructorAccessorImpl.newInstance(NativeConstructorAccessorImpl.java:39)
	at sun.reflect.DelegatingConstructorAccessorImpl.newInstance(DelegatingConstructorAccessorImpl.java:27)
	at java.lang.reflect.Constructor.newInstance(Constructor.java:513)
	at org.openqa.selenium.remote.ErrorHandler.createThrowable(ErrorHandler.java:191)
	at org.openqa.selenium.remote.ErrorHandler.throwIfResponseFailed(ErrorHandler.java:145)
	at org.openqa.selenium.remote.RemoteWebDriver.execute(RemoteWebDriver.java:554)
	at org.openqa.selenium.remote.RemoteWebDriver.findElement(RemoteWebDriver.java:307)
	at org.openqa.selenium.remote.RemoteWebDriver.findElementByName(RemoteWebDriver.java:380)
	at org.openqa.selenium.By$ByName.findElement(By.java:292)
	at org.openqa.selenium.remote.RemoteWebDriver.findElement(RemoteWebDriver.java:299)
	at com.inmobi.qa.firefly.pages.LoginPage.login(LoginPage.java:20)
	at com.inmobi.qa.firefly.tests.WebDriverTest.verifyWebDriver(WebDriverTest.java:33)
Caused by: org.openqa.selenium.remote.ErrorHandler$UnknownServerException: Unable to locate element: {&quot;method&quot;:&quot;name&quot;,&quot;selector&quot;:&quot;Email&quot;}
Build info: version: &apos;2.35.0&apos;, revision: &apos;8df0c6bedf70ff9f22c647788f9fe9c8d22210e2&apos;, time: &apos;2013-08-17 12:46:41&apos;
System info: os.name: &apos;Mac OS X&apos;, os.arch: &apos;x86_64&apos;, os.version: &apos;10.9&apos;, java.version: &apos;1.6.0_65&apos;
Driver info: driver.version: unknown
	at &lt;anonymous class&gt;.FirefoxDriver.prototype.findElementInternal_(file:///var/folders/4h/q55tj03106q8tn3y0rgyy3m4k2wmq_/T/anonymous484794134041489777webdriver-profile/extensions/fxdriver@googlecode.com/components/driver_component.js:8880)
	at &lt;anonymous class&gt;.FirefoxDriver.prototype.findElement(file:///var/folders/4h/q55tj03106q8tn3y0rgyy3m4k2wmq_/T/anonymous484794134041489777webdriver-profile/extensions/fxdriver@googlecode.com/components/driver_component.js:8889)
	at &lt;anonymous class&gt;.DelayedCommand.prototype.executeInternal_/h(file:///var/folders/4h/q55tj03106q8tn3y0rgyy3m4k2wmq_/T/anonymous484794134041489777webdriver-profile/extensions/fxdriver@googlecode.com/components/command_processor.js:10817)
	at &lt;anonymous class&gt;.DelayedCommand.prototype.executeInternal_(file:///var/folders/4h/q55tj03106q8tn3y0rgyy3m4k2wmq_/T/anonymous484794134041489777webdriver-profile/extensions/fxdriver@googlecode.com/components/command_processor.js:10822)
	at &lt;anonymous class&gt;.DelayedCommand.prototype.execute/&lt;(file:///var/folders/4h/q55tj03106q8tn3y0rgyy3m4k2wmq_/T/anonymous484794134041489777webdriver-profile/extensions/fxdriver@googlecode.com/components/command_processor.js:10764)
</failure>
  </testcase>
  <testcase time="0.309" classname="com.inmobi.qa.firefly.tests.DataBindingCSVTest" name="verifyWebDriver">
    <failure message="Unable to locate element: {&quot;method&quot;:&quot;name&quot;,&quot;selector&quot;:&quot;Email&quot;}
Command duration or timeout: 309 milliseconds
For documentation on this error, please visit: http://seleniumhq.org/exceptions/no_such_element.html
Build info: version: &apos;2.35.0&apos;, revision: &apos;8df0c6bedf70ff9f22c647788f9fe9c8d22210e2&apos;, time: &apos;2013-08-17 12:46:41&apos;
System info: os.name: &apos;Mac OS X&apos;, os.arch: &apos;x86_64&apos;, os.version: &apos;10.9&apos;, java.version: &apos;1.6.0_65&apos;
Session ID: 664c97f3-1ce9-9147-8468-fd76151f70a1
Driver info: org.openqa.selenium.firefox.FirefoxDriver
Capabilities [{platform=MAC, acceptSslCerts=true, javascriptEnabled=true, browserName=firefox, rotatable=false, locationContextEnabled=true, version=24.0, cssSelectorsEnabled=true, databaseEnabled=true, handlesAlerts=true, browserConnectionEnabled=true, nativeEvents=false, webStorageEnabled=true, applicationCacheEnabled=true, takesScreenshot=true}]" type="org.openqa.selenium.NoSuchElementException">org.openqa.selenium.NoSuchElementException: Unable to locate element: {&quot;method&quot;:&quot;name&quot;,&quot;selector&quot;:&quot;Email&quot;}
Command duration or timeout: 309 milliseconds
For documentation on this error, please visit: http://seleniumhq.org/exceptions/no_such_element.html
Build info: version: &apos;2.35.0&apos;, revision: &apos;8df0c6bedf70ff9f22c647788f9fe9c8d22210e2&apos;, time: &apos;2013-08-17 12:46:41&apos;
System info: os.name: &apos;Mac OS X&apos;, os.arch: &apos;x86_64&apos;, os.version: &apos;10.9&apos;, java.version: &apos;1.6.0_65&apos;
Session ID: 664c97f3-1ce9-9147-8468-fd76151f70a1
Driver info: org.openqa.selenium.firefox.FirefoxDriver
Capabilities [{platform=MAC, acceptSslCerts=true, javascriptEnabled=true, browserName=firefox, rotatable=false, locationContextEnabled=true, version=24.0, cssSelectorsEnabled=true, databaseEnabled=true, handlesAlerts=true, browserConnectionEnabled=true, nativeEvents=false, webStorageEnabled=true, applicationCacheEnabled=true, takesScreenshot=true}]
	at sun.reflect.NativeConstructorAccessorImpl.newInstance0(Native Method)
	at sun.reflect.NativeConstructorAccessorImpl.newInstance(NativeConstructorAccessorImpl.java:39)
	at sun.reflect.DelegatingConstructorAccessorImpl.newInstance(DelegatingConstructorAccessorImpl.java:27)
	at java.lang.reflect.Constructor.newInstance(Constructor.java:513)
	at org.openqa.selenium.remote.ErrorHandler.createThrowable(ErrorHandler.java:191)
	at org.openqa.selenium.remote.ErrorHandler.throwIfResponseFailed(ErrorHandler.java:145)
	at org.openqa.selenium.remote.RemoteWebDriver.execute(RemoteWebDriver.java:554)
	at org.openqa.selenium.remote.RemoteWebDriver.findElement(RemoteWebDriver.java:307)
	at org.openqa.selenium.remote.RemoteWebDriver.findElementByName(RemoteWebDriver.java:380)
	at org.openqa.selenium.By$ByName.findElement(By.java:292)
	at org.openqa.selenium.remote.RemoteWebDriver.findElement(RemoteWebDriver.java:299)
	at com.inmobi.qa.firefly.pages.LoginPage.login(LoginPage.java:20)
	at com.inmobi.qa.firefly.tests.DataBindingCSVTest.verifyWebDriver(DataBindingCSVTest.java:28)
Caused by: org.openqa.selenium.remote.ErrorHandler$UnknownServerException: Unable to locate element: {&quot;method&quot;:&quot;name&quot;,&quot;selector&quot;:&quot;Email&quot;}
Build info: version: &apos;2.35.0&apos;, revision: &apos;8df0c6bedf70ff9f22c647788f9fe9c8d22210e2&apos;, time: &apos;2013-08-17 12:46:41&apos;
System info: os.name: &apos;Mac OS X&apos;, os.arch: &apos;x86_64&apos;, os.version: &apos;10.9&apos;, java.version: &apos;1.6.0_65&apos;
Driver info: driver.version: unknown
	at &lt;anonymous class&gt;.FirefoxDriver.prototype.findElementInternal_(file:///var/folders/4h/q55tj03106q8tn3y0rgyy3m4k2wmq_/T/anonymous3150045109266281778webdriver-profile/extensions/fxdriver@googlecode.com/components/driver_component.js:8880)
	at &lt;anonymous class&gt;.FirefoxDriver.prototype.findElement(file:///var/folders/4h/q55tj03106q8tn3y0rgyy3m4k2wmq_/T/anonymous3150045109266281778webdriver-profile/extensions/fxdriver@googlecode.com/components/driver_component.js:8889)
	at &lt;anonymous class&gt;.DelayedCommand.prototype.executeInternal_/h(file:///var/folders/4h/q55tj03106q8tn3y0rgyy3m4k2wmq_/T/anonymous3150045109266281778webdriver-profile/extensions/fxdriver@googlecode.com/components/command_processor.js:10817)
	at &lt;anonymous class&gt;.DelayedCommand.prototype.executeInternal_(file:///var/folders/4h/q55tj03106q8tn3y0rgyy3m4k2wmq_/T/anonymous3150045109266281778webdriver-profile/extensions/fxdriver@googlecode.com/components/command_processor.js:10822)
	at &lt;anonymous class&gt;.DelayedCommand.prototype.execute/&lt;(file:///var/folders/4h/q55tj03106q8tn3y0rgyy3m4k2wmq_/T/anonymous3150045109266281778webdriver-profile/extensions/fxdriver@googlecode.com/components/command_processor.js:10764)
</failure>
  </testcase>
  <testcase time="0.092" classname="com.inmobi.qa.firefly.tests.WebDriverTest" name="verifyWebDriver">
    <failure message="Unable to locate element: {&quot;method&quot;:&quot;name&quot;,&quot;selector&quot;:&quot;Email&quot;}
Command duration or timeout: 90 milliseconds
For documentation on this error, please visit: http://seleniumhq.org/exceptions/no_such_element.html
Build info: version: &apos;2.35.0&apos;, revision: &apos;8df0c6bedf70ff9f22c647788f9fe9c8d22210e2&apos;, time: &apos;2013-08-17 12:46:41&apos;
System info: os.name: &apos;Mac OS X&apos;, os.arch: &apos;x86_64&apos;, os.version: &apos;10.9&apos;, java.version: &apos;1.6.0_65&apos;
Session ID: 650e3260-e253-064b-bedc-82bbbe070ff9
Driver info: org.openqa.selenium.firefox.FirefoxDriver
Capabilities [{platform=MAC, acceptSslCerts=true, javascriptEnabled=true, browserName=firefox, rotatable=false, locationContextEnabled=true, version=24.0, cssSelectorsEnabled=true, databaseEnabled=true, handlesAlerts=true, browserConnectionEnabled=true, nativeEvents=false, webStorageEnabled=true, applicationCacheEnabled=true, takesScreenshot=true}]" type="org.openqa.selenium.NoSuchElementException">org.openqa.selenium.NoSuchElementException: Unable to locate element: {&quot;method&quot;:&quot;name&quot;,&quot;selector&quot;:&quot;Email&quot;}
Command duration or timeout: 90 milliseconds
For documentation on this error, please visit: http://seleniumhq.org/exceptions/no_such_element.html
Build info: version: &apos;2.35.0&apos;, revision: &apos;8df0c6bedf70ff9f22c647788f9fe9c8d22210e2&apos;, time: &apos;2013-08-17 12:46:41&apos;
System info: os.name: &apos;Mac OS X&apos;, os.arch: &apos;x86_64&apos;, os.version: &apos;10.9&apos;, java.version: &apos;1.6.0_65&apos;
Session ID: 650e3260-e253-064b-bedc-82bbbe070ff9
Driver info: org.openqa.selenium.firefox.FirefoxDriver
Capabilities [{platform=MAC, acceptSslCerts=true, javascriptEnabled=true, browserName=firefox, rotatable=false, locationContextEnabled=true, version=24.0, cssSelectorsEnabled=true, databaseEnabled=true, handlesAlerts=true, browserConnectionEnabled=true, nativeEvents=false, webStorageEnabled=true, applicationCacheEnabled=true, takesScreenshot=true}]
	at sun.reflect.NativeConstructorAccessorImpl.newInstance0(Native Method)
	at sun.reflect.NativeConstructorAccessorImpl.newInstance(NativeConstructorAccessorImpl.java:39)
	at sun.reflect.DelegatingConstructorAccessorImpl.newInstance(DelegatingConstructorAccessorImpl.java:27)
	at java.lang.reflect.Constructor.newInstance(Constructor.java:513)
	at org.openqa.selenium.remote.ErrorHandler.createThrowable(ErrorHandler.java:191)
	at org.openqa.selenium.remote.ErrorHandler.throwIfResponseFailed(ErrorHandler.java:145)
	at org.openqa.selenium.remote.RemoteWebDriver.execute(RemoteWebDriver.java:554)
	at org.openqa.selenium.remote.RemoteWebDriver.findElement(RemoteWebDriver.java:307)
	at org.openqa.selenium.remote.RemoteWebDriver.findElementByName(RemoteWebDriver.java:380)
	at org.openqa.selenium.By$ByName.findElement(By.java:292)
	at org.openqa.selenium.remote.RemoteWebDriver.findElement(RemoteWebDriver.java:299)
	at com.inmobi.qa.firefly.pages.LoginPage.login(LoginPage.java:20)
	at com.inmobi.qa.firefly.tests.WebDriverTest.verifyWebDriver(WebDriverTest.java:33)
Caused by: org.openqa.selenium.remote.ErrorHandler$UnknownServerException: Unable to locate element: {&quot;method&quot;:&quot;name&quot;,&quot;selector&quot;:&quot;Email&quot;}
Build info: version: &apos;2.35.0&apos;, revision: &apos;8df0c6bedf70ff9f22c647788f9fe9c8d22210e2&apos;, time: &apos;2013-08-17 12:46:41&apos;
System info: os.name: &apos;Mac OS X&apos;, os.arch: &apos;x86_64&apos;, os.version: &apos;10.9&apos;, java.version: &apos;1.6.0_65&apos;
Driver info: driver.version: unknown
	at &lt;anonymous class&gt;.FirefoxDriver.prototype.findElementInternal_(file:///var/folders/4h/q55tj03106q8tn3y0rgyy3m4k2wmq_/T/anonymous7828252729489641803webdriver-profile/extensions/fxdriver@googlecode.com/components/driver_component.js:8880)
	at &lt;anonymous class&gt;.FirefoxDriver.prototype.findElement(file:///var/folders/4h/q55tj03106q8tn3y0rgyy3m4k2wmq_/T/anonymous7828252729489641803webdriver-profile/extensions/fxdriver@googlecode.com/components/driver_component.js:8889)
	at &lt;anonymous class&gt;.DelayedCommand.prototype.executeInternal_/h(file:///var/folders/4h/q55tj03106q8tn3y0rgyy3m4k2wmq_/T/anonymous7828252729489641803webdriver-profile/extensions/fxdriver@googlecode.com/components/command_processor.js:10817)
	at &lt;anonymous class&gt;.DelayedCommand.prototype.executeInternal_(file:///var/folders/4h/q55tj03106q8tn3y0rgyy3m4k2wmq_/T/anonymous7828252729489641803webdriver-profile/extensions/fxdriver@googlecode.com/components/command_processor.js:10822)
	at &lt;anonymous class&gt;.DelayedCommand.prototype.execute/&lt;(file:///var/folders/4h/q55tj03106q8tn3y0rgyy3m4k2wmq_/T/anonymous7828252729489641803webdriver-profile/extensions/fxdriver@googlecode.com/components/command_processor.js:10764)
</failure>
  </testcase>
</testsuite>